
   ____    __
  / __/___/ /  ___
 / _// __/ _ \/ _ \
/___/\__/_//_/\___/ v4.1.8
High performance, minimalist Go web framework
https://echo.labstack.com
____________________________________O/_______
                                    O\
⇨ http server started on [::]:8080

   ____    __
  / __/___/ /  ___
 / _// __/ _ \/ _ \
/___/\__/_//_/\___/ v4.1.8
High performance, minimalist Go web framework
https://echo.labstack.com
____________________________________O/_______
                                    O\
⇨ http server started on [::]:8080

   ____    __
  / __/___/ /  ___
 / _// __/ _ \/ _ \
/___/\__/_//_/\___/ v4.1.8
High performance, minimalist Go web framework
https://echo.labstack.com
____________________________________O/_______
                                    O\
⇨ http server started on [::]:8080
{"time":"2020-06-28T21:22:51.217675279-04:00","level":"ERROR","prefix":"echo","file":"update_products.go","line":"49","message":""}

   ____    __
  / __/___/ /  ___
 / _// __/ _ \/ _ \
/___/\__/_//_/\___/ v4.1.8
High performance, minimalist Go web framework
https://echo.labstack.com
____________________________________O/_______
                                    O\
⇨ http server started on [::]:8080
{"time":"2020-06-28T21:24:56.558656358-04:00","level":"ERROR","prefix":"echo","file":"update_product.go","line":"52","message":""}

   ____    __
  / __/___/ /  ___
 / _// __/ _ \/ _ \
/___/\__/_//_/\___/ v4.1.8
High performance, minimalist Go web framework
https://echo.labstack.com
____________________________________O/_______
                                    O\
⇨ http server started on [::]:8080
{"time":"2020-06-28T21:25:37.170217709-04:00","level":"ERROR","prefix":"echo","file":"update_product.go","line":"52","message":""}
{"time":"2020-06-28T21:25:38.097018467-04:00","level":"ERROR","prefix":"echo","file":"update_product.go","line":"52","message":""}

   ____    __
  / __/___/ /  ___
 / _// __/ _ \/ _ \
/___/\__/_//_/\___/ v4.1.8
High performance, minimalist Go web framework
https://echo.labstack.com
____________________________________O/_______
                                    O\
⇨ http server started on [::]:8080
{"time":"2020-06-28T21:25:59.965435436-04:00","level":"ERROR","prefix":"echo","file":"update_product.go","line":"49","message":""}

   ____    __
  / __/___/ /  ___
 / _// __/ _ \/ _ \
/___/\__/_//_/\___/ v4.1.8
High performance, minimalist Go web framework
https://echo.labstack.com
____________________________________O/_______
                                    O\
⇨ http server started on [::]:8080
{"time":"2020-06-28T21:26:32.005688875-04:00","level":"ERROR","prefix":"echo","file":"update_product.go","line":"49","message":""}

   ____    __
  / __/___/ /  ___
 / _// __/ _ \/ _ \
/___/\__/_//_/\___/ v4.1.8
High performance, minimalist Go web framework
https://echo.labstack.com
____________________________________O/_______
                                    O\
⇨ http server started on [::]:8080
{"time":"2020-06-28T21:27:25.305367355-04:00","level":"ERROR","prefix":"echo","file":"update_product.go","line":"49","message":"failed to prepare the update product statement:\npq: error de sintaxis en o cerca de «description»"}

   ____    __
  / __/___/ /  ___
 / _// __/ _ \/ _ \
/___/\__/_//_/\___/ v4.1.8
High performance, minimalist Go web framework
https://echo.labstack.com
____________________________________O/_______
                                    O\
⇨ http server started on [::]:8080

   ____    __
  / __/___/ /  ___
 / _// __/ _ \/ _ \
/___/\__/_//_/\___/ v4.1.8
High performance, minimalist Go web framework
https://echo.labstack.com
____________________________________O/_______
                                    O\
⇨ http server started on [::]:8080

   ____    __
  / __/___/ /  ___
 / _// __/ _ \/ _ \
/___/\__/_//_/\___/ v4.1.8
High performance, minimalist Go web framework
https://echo.labstack.com
____________________________________O/_______
                                    O\
⇨ http server started on [::]:8080

   ____    __
  / __/___/ /  ___
 / _// __/ _ \/ _ \
/___/\__/_//_/\___/ v4.1.8
High performance, minimalist Go web framework
https://echo.labstack.com
____________________________________O/_______
                                    O\
⇨ http server started on [::]:8080
{"time":"2020-06-28T21:38:37.682915855-04:00","level":"ERROR","prefix":"echo","file":"update_product.go","line":"49","message":"non-existent object"}
